\BOOKMARK [0][-]{chapter*.2}{\376\377\000C\000o\000n\000t\000e\000n\000t\000s}{}% 1
\BOOKMARK [0][-]{chapter.1}{\376\377\000P\000a\000r\000t\000\040\000I\000\050\000a\000\051\000\040\000-\000\040\000I\000S\000A\000\040\000R\000e\000m\000i\000n\000d\000e\000r\000,\000\040\000A\000s\000s\000e\000m\000b\000l\000y\000\040\000L\000a\000n\000g\000u\000a\000g\000e\000,\000\040\000C\000o\000m\000p\000i\000l\000e\000r\000\040\000-\000\040\000W\000\040\0001\000.\0001}{}% 2
\BOOKMARK [1][-]{section.1.1}{\376\377\000F\000r\000o\000m\000\040\000H\000i\000g\000h\000\040\000L\000e\000v\000e\000l\000\040\000L\000a\000n\000g\000u\000a\000g\000e\000s\000\040\000t\000o\000\040\000A\000s\000s\000e\000m\000b\000l\000y\000\040\000L\000a\000n\000g\000u\000a\000g\000e}{chapter.1}% 3
\BOOKMARK [2][-]{subsection.1.1.1}{\376\377\000H\000i\000g\000h\000\040\000L\000e\000v\000e\000l\000\040\000L\000a\000n\000g\000u\000a\000g\000e\000s}{section.1.1}% 4
\BOOKMARK [2][-]{subsection.1.1.2}{\376\377\000A\000s\000s\000e\000m\000b\000l\000y\000\040\000L\000a\000n\000g\000u\000a\000g\000e}{section.1.1}% 5
\BOOKMARK [1][-]{section.1.2}{\376\377\000P\000r\000o\000c\000e\000s\000s\000o\000r\000s}{chapter.1}% 6
\BOOKMARK [1][-]{section.1.3}{\376\377\000J\000o\000i\000n\000t\000\040\000o\000r\000\040\000D\000i\000s\000j\000o\000i\000n\000t\000\040\000P\000r\000o\000g\000r\000a\000m\000\040\000a\000n\000d\000\040\000D\000a\000t\000a\000\040\000M\000e\000m\000o\000r\000i\000e\000s}{chapter.1}% 7
\BOOKMARK [1][-]{section.1.4}{\376\377\000T\000h\000e\000\040\000E\000n\000c\000o\000d\000i\000n\000g\000\040\000p\000r\000o\000b\000l\000e\000m}{chapter.1}% 8
\BOOKMARK [2][-]{subsection.1.4.1}{\376\377\000T\000h\000e\000\040\000S\000t\000u\000p\000i\000d\000\040\000S\000o\000l\000u\000t\000i\000o\000n}{section.1.4}% 9
\BOOKMARK [2][-]{subsection.1.4.2}{\376\377\000R\000I\000S\000C\000-\000V\000\040\000E\000n\000c\000o\000d\000i\000n\000g\000\040\000\050\000T\000h\000e\000\040\000S\000o\000l\000u\000t\000i\000o\000n\000\051}{section.1.4}% 10
\BOOKMARK [2][-]{subsection.1.4.3}{\376\377\000A\000u\000t\000o\000m\000a\000t\000i\000n\000g\000\040\000t\000h\000i\000s\000\040\000p\000r\000o\000c\000e\000s\000s}{section.1.4}% 11
\BOOKMARK [1][-]{section.1.5}{\376\377\000I\000S\000A\000\040\000\050\000I\000n\000s\000t\000r\000u\000c\000t\000i\000o\000n\000\040\000S\000e\000t\000\040\000A\000r\000c\000h\000i\000t\000e\000c\000t\000u\000r\000e\000\051}{chapter.1}% 12
\BOOKMARK [0][-]{chapter.2}{\376\377\000P\000a\000r\000t\000\040\000I\000\050\000b\000\051\000\040\000-\000\040\000I\000S\000A\000,\000\040\000F\000u\000n\000c\000t\000i\000o\000n\000s\000,\000\040\000a\000n\000d\000\040\000S\000t\000a\000c\000k\000\040\000-\000\040\000W\000\040\0001\000.\0002}{}% 13
\BOOKMARK [1][-]{section.2.1}{\376\377\000T\000h\000e\000\040\000C\000o\000n\000t\000r\000a\000c\000t\000\040\000b\000e\000t\000w\000e\000e\000n\000\040\000H\000W\000\040\000a\000n\000d\000\040\000S\000W}{chapter.2}% 14
\BOOKMARK [1][-]{section.2.2}{\376\377\000A\000r\000i\000t\000h\000m\000e\000t\000i\000c\000\040\000a\000n\000d\000\040\000L\000o\000g\000i\000c\000\040\000I\000n\000s\000t\000r\000u\000c\000t\000i\000o\000n\000s\000\040\000i\000n\000\040\000R\000I\000S\000C\000V}{chapter.2}% 15
\BOOKMARK [2][-]{subsection.2.2.1}{\376\377\000C\000o\000n\000s\000t\000a\000n\000t\000s\000\040\000m\000u\000s\000t\000\040\000b\000e\000\040\000e\000n\000c\000o\000d\000e\000d\000\040\000o\000n\000\040\0001\0002\000\040\000b\000i\000t\000s}{section.2.2}% 16
\BOOKMARK [2][-]{subsection.2.2.2}{\376\377\000A\000s\000s\000e\000m\000b\000l\000e\000r\000\040\000D\000i\000r\000e\000c\000t\000i\000v\000e\000s}{section.2.2}% 17
\BOOKMARK [2][-]{subsection.2.2.3}{\376\377\000T\000h\000e\000\040\000x\0000\000\040\000R\000e\000g\000i\000s\000t\000e\000r}{section.2.2}% 18
\BOOKMARK [1][-]{section.2.3}{\376\377\000P\000s\000e\000u\000d\000o\000I\000n\000s\000t\000r\000u\000c\000t\000i\000o\000n\000s}{chapter.2}% 19
\BOOKMARK [2][-]{subsection.2.3.1}{\376\377\000C\000o\000n\000t\000r\000o\000l\000\040\000f\000l\000o\000w\000\040\000i\000n\000s\000t\000r\000u\000c\000t\000i\000o\000n\000s}{section.2.3}% 20
\BOOKMARK [2][-]{subsection.2.3.2}{\376\377\000I\000f\000-\000T\000h\000e\000n\000-\000E\000l\000s\000e}{section.2.3}% 21
\BOOKMARK [2][-]{subsection.2.3.3}{\376\377\000J\000u\000m\000p\000s\000\040\000a\000n\000d\000\040\000B\000r\000a\000n\000c\000h\000e\000s}{section.2.3}% 22
\BOOKMARK [2][-]{subsection.2.3.4}{\376\377\000C\000o\000m\000p\000a\000r\000a\000i\000s\000i\000o\000n\000s}{section.2.3}% 23
\BOOKMARK [2][-]{subsection.2.3.5}{\376\377\000D\000o\000-\000W\000h\000i\000l\000e}{section.2.3}% 24
\BOOKMARK [1][-]{section.2.4}{\376\377\000F\000u\000n\000c\000t\000i\000o\000n\000s}{chapter.2}% 25
\BOOKMARK [2][-]{subsection.2.4.1}{\376\377\000J\000u\000m\000p\000\040\000t\000o\000\040\000t\000h\000e\000\040\000F\000u\000n\000c\000t\000i\000o\000n\000/\000R\000e\000t\000u\000n\000\040\000c\000o\000n\000t\000r\000o\000l\000\040\000t\000o\000\040\000t\000h\000e\000\040\000c\000a\000l\000l\000i\000n\000g\000\040\000p\000r\000o\000g\000r\000a\000m}{section.2.4}% 26
\BOOKMARK [2][-]{subsection.2.4.2}{\376\377\000J\000u\000m\000p\000\040\000I\000n\000s\000t\000r\000u\000c\000t\000i\000o\000n\000s}{section.2.4}% 27
\BOOKMARK [2][-]{subsection.2.4.3}{\376\377\000R\000e\000g\000i\000s\000t\000e\000r\000\040\000C\000o\000n\000v\000e\000n\000t\000i\000o\000n\000s}{section.2.4}% 28
\BOOKMARK [2][-]{subsection.2.4.4}{\376\377\000B\000a\000c\000k\000\040\000t\000o\000\040\000t\000h\000e\000\040\000g\000o\000o\000d\000\040\000\050\000n\000o\000t\000\040\000s\000o\000\040\000g\000o\000o\000d\000\051\000\040\000a\000p\000p\000r\000o\000a\000c\000h}{section.2.4}% 29
\BOOKMARK [2][-]{subsection.2.4.5}{\376\377\000O\000n\000e\000\040\000s\000i\000m\000p\000l\000e\000\040\000s\000o\000l\000u\000t\000i\000o\000n\000\040\000\050\000s\000t\000i\000l\000l\000\040\000n\000o\000t\000\040\000g\000o\000o\000d\000\051}{section.2.4}% 30
\BOOKMARK [2][-]{subsection.2.4.6}{\376\377\000A\000c\000q\000u\000i\000r\000e\000\040\000s\000t\000o\000r\000a\000g\000e\000\040\000r\000e\000s\000o\000u\000r\000c\000e\000s\000\040\000t\000h\000e\000\040\000f\000u\000n\000c\000t\000i\000o\000n\000\040\000n\000e\000e\000d\000s\000\040\000\050\000s\000t\000i\000l\000l\000\040\000n\000o\000t\000\040\000i\000t\000\051}{section.2.4}% 31
\BOOKMARK [2][-]{subsection.2.4.7}{\376\377\000T\000h\000e\000\040\000S\000t\000a\000c\000k}{section.2.4}% 32
\BOOKMARK [2][-]{subsection.2.4.8}{\376\377\000S\000p\000i\000l\000l\000i\000n\000g\000\040\000R\000e\000g\000i\000s\000t\000e\000r\000s\000\040\000t\000o\000\040\000M\000e\000m\000o\000r\000y}{section.2.4}% 33
\BOOKMARK [2][-]{subsection.2.4.9}{\376\377\000R\000e\000g\000i\000s\000t\000e\000r\000\040\000a\000c\000r\000o\000s\000s\000\040\000f\000u\000n\000c\000t\000i\000o\000n\000s}{section.2.4}% 34
\BOOKMARK [2][-]{subsection.2.4.10}{\376\377\000P\000r\000e\000s\000e\000r\000v\000i\000n\000g\000\040\000R\000e\000g\000i\000s\000t\000e\000r\000s}{section.2.4}% 35
\BOOKMARK [1][-]{section.2.5}{\376\377\000P\000a\000s\000s\000i\000n\000g\000\040\000A\000r\000g\000u\000m\000e\000n\000t\000s\000\040\000i\000n\000\040\000R\000I\000S\000C\000-\000V}{chapter.2}% 36
\BOOKMARK [2][-]{subsection.2.5.1}{\376\377\000O\000p\000t\000i\000o\000n\000\040\0001\000:\000\040\000U\000s\000i\000n\000g\000\040\000R\000e\000g\000i\000s\000t\000e\000r\000s}{section.2.5}% 37
\BOOKMARK [2][-]{subsection.2.5.2}{\376\377\000O\000p\000t\000i\000o\000n\000\040\0002\000:\000\040\000U\000s\000i\000n\000g\000\040\000t\000h\000e\000\040\000S\000t\000a\000c\000k}{section.2.5}% 38
\BOOKMARK [2][-]{subsection.2.5.3}{\376\377\000T\000h\000e\000\040\000R\000I\000S\000C\000-\000V\000\040\000A\000p\000p\000r\000o\000a\000c\000h}{section.2.5}% 39
\BOOKMARK [1][-]{section.2.6}{\376\377\000S\000u\000m\000m\000a\000r\000y\000\040\000o\000f\000\040\000R\000I\000S\000C\000-\000V\000\040\000R\000e\000g\000i\000s\000t\000e\000r\000\040\000C\000o\000n\000v\000e\000n\000t\000i\000o\000n\000s}{chapter.2}% 40
\BOOKMARK [0][-]{chapter.3}{\376\377\000P\000a\000r\000t\000\040\000I\000\050\000c\000\051\000\040\000-\000\040\000I\000S\000A\000\040\000M\000e\000m\000o\000r\000y\000\040\000a\000n\000d\000\040\000A\000d\000d\000r\000e\000s\000s\000i\000n\000g\000\040\000M\000o\000d\000e\000s\000\040\000-\000\040\000W\000\040\0002\000.\0001}{}% 41
\BOOKMARK [1][-]{section.3.1}{\376\377\000M\000e\000m\000o\000r\000y}{chapter.3}% 42
\BOOKMARK [2][-]{subsection.3.1.1}{\376\377\000A\000d\000d\000r\000e\000s\000s\000\040\000a\000n\000d\000\040\000D\000a\000t\000a}{section.3.1}% 43
\BOOKMARK [1][-]{section.3.2}{\376\377\000M\000a\000n\000y\000\040\000T\000y\000p\000e\000s\000\040\000o\000f\000\040\000M\000e\000m\000o\000r\000i\000e\000s}{chapter.3}% 44
\BOOKMARK [2][-]{subsection.3.2.1}{\376\377\000F\000u\000n\000c\000t\000i\000o\000n\000a\000l\000\040\000T\000a\000x\000o\000n\000o\000m\000y\000\040\000o\000f\000\040\000M\000e\000m\000o\000r\000i\000e\000s}{section.3.2}% 45
\BOOKMARK [2][-]{subsection.3.2.2}{\376\377\000T\000a\000x\000o\000n\000o\000m\000y\000\040\000o\000f\000\040\000R\000a\000n\000d\000o\000m\000\040\000A\000c\000c\000e\000s\000s\000\040\000M\000e\000m\000o\000r\000i\000e\000s}{section.3.2}% 46
\BOOKMARK [2][-]{subsection.3.2.3}{\376\377\000B\000a\000s\000i\000c\000\040\000S\000t\000r\000u\000c\000t\000u\000r\000e}{section.3.2}% 47
\BOOKMARK [2][-]{subsection.3.2.4}{\376\377\000W\000r\000i\000t\000e\000\040\000O\000p\000e\000r\000a\000t\000i\000o\000n\000s}{section.3.2}% 48
\BOOKMARK [2][-]{subsection.3.2.5}{\376\377\000R\000e\000a\000d\000\040\000O\000p\000e\000r\000a\000t\000i\000o\000n\000s}{section.3.2}% 49
\BOOKMARK [2][-]{subsection.3.2.6}{\376\377\000P\000r\000a\000c\000t\000i\000c\000a\000l\000\040\000S\000R\000A\000M\000s}{section.3.2}% 50
\BOOKMARK [2][-]{subsection.3.2.7}{\376\377\000D\000R\000A\000M\000s}{section.3.2}% 51
\BOOKMARK [2][-]{subsection.3.2.8}{\376\377\000I\000d\000e\000a\000l\000\040\000R\000a\000n\000d\000o\000m\000\040\000A\000c\000c\000e\000s\000s\000\040\000M\000e\000m\000o\000r\000y}{section.3.2}% 52
\BOOKMARK [2][-]{subsection.3.2.9}{\376\377\000P\000h\000y\000s\000i\000c\000a\000l\000\040\000O\000r\000g\000a\000n\000i\000s\000a\000t\000i\000o\000n\000\040}{section.3.2}% 53
\BOOKMARK [2][-]{subsection.3.2.10}{\376\377\000R\000e\000a\000l\000i\000s\000t\000i\000c\000\040\000R\000O\000M\000\040\000A\000r\000r\000a\000y}{section.3.2}% 54
\BOOKMARK [2][-]{subsection.3.2.11}{\376\377\000S\000t\000a\000t\000i\000c\000\040\000R\000a\000m\000\040\000T\000y\000p\000i\000c\000a\000l\000\040\000I\000n\000t\000e\000r\000f\000a\000c\000e}{section.3.2}% 55
\BOOKMARK [1][-]{section.3.3}{\376\377\000T\000y\000p\000i\000c\000a\000l\000\040\000A\000s\000y\000n\000c\000h\000r\000o\000n\000o\000u\000s\000\040\000S\000R\000A\000M\000\040\000R\000e\000a\000d\000\040\000C\000y\000c\000l\000e}{chapter.3}% 56
\BOOKMARK [1][-]{section.3.4}{\376\377\000W\000h\000e\000r\000e\000\040\000i\000s\000\040\000M\000e\000m\000o\000r\000y\000\040\000i\000n\000\040\000t\000h\000e\000\040\000P\000r\000o\000c\000e\000s\000s\000o\000r\000?}{chapter.3}% 57
\BOOKMARK [2][-]{subsection.3.4.1}{\376\377\000A\000r\000i\000t\000h\000m\000e\000t\000i\000c\000\040\000a\000n\000d\000\040\000L\000o\000g\000i\000c\000\040\000I\000n\000s\000t\000r\000u\000c\000t\000i\000o\000n\000s}{section.3.4}% 58
\BOOKMARK [1][-]{section.3.5}{\376\377\000M\000o\000r\000e\000\040\000A\000d\000d\000r\000e\000s\000s\000i\000n\000g\000\040\000M\000o\000d\000e\000s\000?\000\040\000N\000o\000t\000\040\000i\000n\000\040\000R\000I\000S\000C\000-\000V\000!}{chapter.3}% 59
\BOOKMARK [2][-]{subsection.3.5.1}{\376\377\000W\000o\000r\000d\000\040\000A\000d\000r\000e\000s\000s\000e\000d\000\040\000M\000e\000m\000o\000r\000y}{section.3.5}% 60
\BOOKMARK [2][-]{subsection.3.5.2}{\376\377\000L\000o\000a\000d\000i\000n\000g\000\040\000W\000o\000r\000d\000s\000\040\000\050\000l\000w\000\051\000\040\000a\000n\000d\000\040\000I\000n\000s\000t\000r\000u\000c\000t\000i\000o\000n\000s}{section.3.5}% 61
\BOOKMARK [2][-]{subsection.3.5.3}{\376\377\000L\000o\000a\000d\000i\000n\000g\000\040\000B\000y\000t\000e\000s\000\040\000\050\000l\000b\000\051}{section.3.5}% 62
\BOOKMARK [2][-]{subsection.3.5.4}{\376\377\000A\000\040\000F\000e\000w\000\040\000M\000o\000r\000e\000\040\000L\000o\000a\000d\000/\000S\000t\000o\000r\000e\000\040\000I\000n\000s\000t\000r\000u\000c\000t\000i\000o\000n\000s}{section.3.5}% 63
\BOOKMARK [2][-]{subsection.3.5.5}{\376\377\000A\000c\000c\000e\000s\000s\000\040\000a\000s\000\040\000i\000t\000\040\000i\000s\000\040\000m\000o\000r\000e\000\040\000s\000u\000i\000t\000a\000b\000l\000e}{section.3.5}% 64
\BOOKMARK [2][-]{subsection.3.5.6}{\376\377\000L\000o\000a\000d\000i\000n\000g\000\040\000B\000y\000t\000e\000s\000\040\000\050\000l\000b\000\051}{section.3.5}% 65
\BOOKMARK [0][-]{chapter.4}{\376\377\000P\000a\000r\000t\000\040\000I\000\050\000d\000\051\000\040\000-\000\040\000I\000S\000A\000\040\000A\000r\000r\000a\000y\000s\000\040\000a\000n\000d\000\040\000D\000a\000t\000a\000\040\000S\000t\000r\000u\000c\000t\000u\000r\000e\000s\000\040\000-\000\040\000W\000\040\0002\000.\0002}{}% 66
\BOOKMARK [1][-]{section.4.1}{\376\377\000A\000r\000r\000a\000y\000s}{chapter.4}% 67
\BOOKMARK [2][-]{subsection.4.1.1}{\376\377\000D\000i\000f\000f\000e\000r\000e\000n\000t\000\040\000W\000a\000y\000s\000\040\000t\000o\000\040\000S\000t\000o\000r\000e\000\040\000A\000r\000r\000a\000y\000s}{section.4.1}% 68
